[debug] [2022-10-16T04:40:28.675Z] ----------------------------------------------------------------------
[debug] [2022-10-16T04:40:28.676Z] Command:       /opt/homebrew/Cellar/node/18.11.0/bin/node /opt/homebrew/bin/firebase deploy
[debug] [2022-10-16T04:40:28.676Z] CLI Version:   11.14.4
[debug] [2022-10-16T04:40:28.676Z] Platform:      darwin
[debug] [2022-10-16T04:40:28.677Z] Node Version:  v18.11.0
[debug] [2022-10-16T04:40:28.677Z] Time:          Sun Oct 16 2022 00:40:28 GMT-0400 (Eastern Daylight Time)
[debug] [2022-10-16T04:40:28.677Z] ----------------------------------------------------------------------
[debug] 
[debug] [2022-10-16T04:40:28.705Z] > command requires scopes: ["email","openid","https://www.googleapis.com/auth/cloudplatformprojects.readonly","https://www.googleapis.com/auth/firebase","https://www.googleapis.com/auth/cloud-platform"]
[debug] [2022-10-16T04:40:28.705Z] > authorizing via signed-in user (sonyahyun.hs@gmail.com)
[debug] [2022-10-16T04:40:28.705Z] [iam] checking project chatroom-67e21 for permissions ["firebase.projects.get","firebasehosting.sites.update"]
[debug] [2022-10-16T04:40:28.706Z] >>> [apiv2][query] POST https://cloudresourcemanager.googleapis.com/v1/projects/chatroom-67e21:testIamPermissions [none]
[debug] [2022-10-16T04:40:28.706Z] >>> [apiv2][(partial)header] POST https://cloudresourcemanager.googleapis.com/v1/projects/chatroom-67e21:testIamPermissions x-goog-quota-user=projects/chatroom-67e21
[debug] [2022-10-16T04:40:28.706Z] >>> [apiv2][body] POST https://cloudresourcemanager.googleapis.com/v1/projects/chatroom-67e21:testIamPermissions {"permissions":["firebase.projects.get","firebasehosting.sites.update"]}
[debug] [2022-10-16T04:40:28.953Z] <<< [apiv2][status] POST https://cloudresourcemanager.googleapis.com/v1/projects/chatroom-67e21:testIamPermissions 200
[debug] [2022-10-16T04:40:28.954Z] <<< [apiv2][body] POST https://cloudresourcemanager.googleapis.com/v1/projects/chatroom-67e21:testIamPermissions {}
[debug] [2022-10-16T04:40:28.954Z] [iam] error while checking permissions, command may fail: FirebaseError: Authorization failed. This account is missing the following required permissions on project chatroom-67e21:

  firebase.projects.get
  firebasehosting.sites.update
[debug] [2022-10-16T04:40:28.955Z] >>> [apiv2][query] GET https://firebase.googleapis.com/v1beta1/projects/chatroom-67e21 [none]
[debug] [2022-10-16T04:40:29.302Z] <<< [apiv2][status] GET https://firebase.googleapis.com/v1beta1/projects/chatroom-67e21 403
[debug] [2022-10-16T04:40:29.302Z] <<< [apiv2][body] GET https://firebase.googleapis.com/v1beta1/projects/chatroom-67e21 {"error":{"code":403,"message":"The caller does not have permission","status":"PERMISSION_DENIED"}}
[debug] [2022-10-16T04:40:29.303Z] HTTP Error: 403, The caller does not have permission
[debug] [2022-10-16T04:40:29.363Z] FirebaseError: HTTP Error: 403, The caller does not have permission
    at responseToError (/opt/homebrew/lib/node_modules/firebase-tools/lib/responseToError.js:49:12)
    at RetryOperation._fn (/opt/homebrew/lib/node_modules/firebase-tools/lib/apiv2.js:288:77)
    at process.processTicksAndRejections (node:internal/process/task_queues:95:5)
[error] 
[error] Error: Failed to get Firebase project chatroom-67e21. Please make sure the project exists and your account has permission to access it.
